<?xml version="1.0" encoding="UTF-8"?>
<!-- Generated by org.testng.reporters.JUnitReportReporter -->
<testsuite name="com.sap.cases.UpdateUserInfoTest" tests="2" time="0.000" ignored="0" failures="0" timestamp="20 Oct 2019 11:30:39 GMT" skipped="2" hostname="PC-201607301632" errors="0">
  <testcase name="updateUserInfo" time="0.000" classname="com.sap.cases.UpdateUserInfoTest">
    <skipped/>
  </testcase> <!-- updateUserInfo -->
  <testcase name="deleteUser" time="0.000" classname="com.sap.cases.UpdateUserInfoTest">
    <skipped/>
  </testcase> <!-- deleteUser -->
</testsuite> <!-- com.sap.cases.UpdateUserInfoTest -->
