<?xml version="1.0" encoding="UTF-8"?>
<!-- Generated by org.testng.reporters.JUnitReportReporter -->
<testsuite name="com.sap.cases.GetUserInfoListTest" tests="1" time="0.000" ignored="0" failures="0" timestamp="20 Oct 2019 11:30:39 GMT" skipped="1" hostname="PC-201607301632" errors="0">
  <testcase name="getUserListInfo" time="0.000" classname="com.sap.cases.GetUserInfoListTest">
    <skipped/>
  </testcase> <!-- getUserListInfo -->
</testsuite> <!-- com.sap.cases.GetUserInfoListTest -->
